2023/07/26 12:03:17 ERROR : Tools/Nilesoft Shell/ShellHelper/node_modules/date-fns/_lib: error reading source directory: couldn't list directory: googleapi: Error 403: Quota exceeded for quota metric 'Queries' and limit 'Queries per minute' of service 'drive.googleapis.com' for consumer 'project_number:202264815644'.
Details:
[
  {
    "@type": "type.googleapis.com/google.rpc.ErrorInfo",
    "domain": "googleapis.com",
    "metadata": {
      "consumer": "projects/202264815644",
      "quota_limit": "defaultPerMinutePerProject",
      "quota_limit_value": "420000",
      "quota_location": "global",
      "quota_metric": "drive.googleapis.com/default",
      "service": "drive.googleapis.com"
    },
    "reason": "RATE_LIMIT_EXCEEDED"
  },
  {
    "@type": "type.googleapis.com/google.rpc.Help",
    "links": [
      {
        "description": "Request a higher quota limit.",
        "url": "https://cloud.google.com/docs/quota#requesting_higher_quota"
      }
    ]
  }
]
, rateLimitExceeded
2023/07/26 12:08:58 ERROR : Local file system at /home/silvan/GoogleDrive: not deleting files as there were IO errors
2023/07/26 12:08:58 ERROR : Local file system at /home/silvan/GoogleDrive: not deleting directories as there were IO errors
2023/07/26 12:08:58 ERROR : Attempt 1/3 failed with 1 errors and: couldn't list directory: googleapi: Error 403: Quota exceeded for quota metric 'Queries' and limit 'Queries per minute' of service 'drive.googleapis.com' for consumer 'project_number:202264815644'.
Details:
[
  {
    "@type": "type.googleapis.com/google.rpc.ErrorInfo",
    "domain": "googleapis.com",
    "metadata": {
      "consumer": "projects/202264815644",
      "quota_limit": "defaultPerMinutePerProject",
      "quota_limit_value": "420000",
      "quota_location": "global",
      "quota_metric": "drive.googleapis.com/default",
      "service": "drive.googleapis.com"
    },
    "reason": "RATE_LIMIT_EXCEEDED"
  },
  {
    "@type": "type.googleapis.com/google.rpc.Help",
    "links": [
      {
        "description": "Request a higher quota limit.",
        "url": "https://cloud.google.com/docs/quota#requesting_higher_quota"
      }
    ]
  }
]
, rateLimitExceeded
2023/07/26 12:14:05 ERROR : Attempt 2/3 succeeded
2023/07/28 00:01:58 NOTICE: Time may be set wrong - time from "oauth2.googleapis.com" is 3h0m0.933217141s different from this computer
2023/07/28 00:01:59 NOTICE: Time may be set wrong - time from "www.googleapis.com" is 3h0m1.326328896s different from this computer
2023/07/28 02:16:35 INFO  : Pictures/regular-magic-1385.jpg: Copied (new)
2023/07/28 02:16:35 INFO  : Pictures/regular-magic-1385_digital_art_x4.jpg: Copied (new)
2023/07/28 02:16:36 INFO  : Pictures/regular-magic-1385.svg: Copied (new)
2023/07/28 02:17:34 INFO  : 
Transferred:   	    4.833 MiB / 4.833 MiB, 100%, 19.289 KiB/s, ETA 0s
Checks:              2421 / 2421, 100%
Transferred:            3 / 3, 100%
Elapsed time:       1m0.3s

2023/07/28 02:17:55 INFO  : Signal received: interrupt
2023/07/28 02:17:55 INFO  : Exiting...
2023/07/30 16:11:11 NOTICE: Time may be set wrong - time from "oauth2.googleapis.com" is 3h0m0.413015701s different from this computer
2023/07/30 16:11:11 NOTICE: Time may be set wrong - time from "www.googleapis.com" is 3h0m0.731297635s different from this computer
2023/07/30 16:19:33 Failed to create file system for "GoogleDrive:/": couldn't find root directory ID: googleapi: Error 401: Request had invalid authentication credentials. Expected OAuth 2 access token, login cookie or other valid authentication credential. See https://developers.google.com/identity/sign-in/web/devconsole-project.
More details:
Reason: authError, Message: Invalid Credentials
2023/07/31 23:28:12 NOTICE: Time may be set wrong - time from "oauth2.googleapis.com" is 3h0m1.06354654s different from this computer
2023/07/31 23:28:12 NOTICE: Time may be set wrong - time from "www.googleapis.com" is 3h0m0.40862646s different from this computer
2023/08/01 23:07:06 NOTICE: Time may be set wrong - time from "oauth2.googleapis.com" is 3h0m0.665839324s different from this computer
2023/08/01 23:07:07 NOTICE: Time may be set wrong - time from "www.googleapis.com" is 3h0m1.067436924s different from this computer
